<?xml version="1.0" encoding="UTF-8"?>
<robot generator="Robot 3.2.1 (Python 3.7.5 on win32)" generated="20200609 11:23:17.074" rpa="false">
<suite id="s1" name="Tests" source="C:\Users\draus\PycharmProjects\robo\RoboDD\static\example\tests">
<suite id="s1-s1" name="Gherkin Login" source="C:\Users\draus\PycharmProjects\robo\RoboDD\static\example\tests\gherkin_login.robot">
<test id="s1-s1-t1" name="Valid Login">
<kw name="Given browser is opened to login page">
<kw name="Open Browser To Login Page" library="resource">
<kw name="Open Browser" library="SeleniumLibrary">
<doc>Opens a new browser instance to the optional ``url``.</doc>
<arguments>
<arg>${LOGIN URL}</arg>
<arg>${BROWSER}</arg>
</arguments>
<msg timestamp="20200609 11:23:18.088" level="INFO">Opening browser 'Firefox' to base url 'http://localhost:7272/'.</msg>
<msg timestamp="20200609 11:23:18.104" level="INFO">Firefox driver log is always forced to to: C:\Users\draus\PycharmProjects\robo\RoboDD\static\example\geckodriver-7.log</msg>
<status status="PASS" starttime="20200609 11:23:18.087" endtime="20200609 11:23:29.353"></status>
</kw>
<kw name="Maximize Browser Window" library="SeleniumLibrary">
<doc>Maximizes current browser window.</doc>
<status status="PASS" starttime="20200609 11:23:29.354" endtime="20200609 11:23:29.392"></status>
</kw>
<kw name="Set Selenium Speed" library="SeleniumLibrary">
<doc>Sets the delay that is waited after each Selenium command.</doc>
<arguments>
<arg>${DELAY}</arg>
</arguments>
<status status="PASS" starttime="20200609 11:23:29.392" endtime="20200609 11:23:29.393"></status>
</kw>
<kw name="Login Page Should Be Open" library="resource">
<kw name="Title Should Be" library="SeleniumLibrary">
<doc>Verifies that the current page title equals ``title``.</doc>
<arguments>
<arg>Login Page</arg>
</arguments>
<msg timestamp="20200609 11:23:29.506" level="INFO">Page title is 'Login Page'.</msg>
<status status="PASS" starttime="20200609 11:23:29.394" endtime="20200609 11:23:29.507"></status>
</kw>
<status status="PASS" starttime="20200609 11:23:29.393" endtime="20200609 11:23:29.507"></status>
</kw>
<status status="PASS" starttime="20200609 11:23:18.086" endtime="20200609 11:23:29.508"></status>
</kw>
<status status="PASS" starttime="20200609 11:23:18.086" endtime="20200609 11:23:29.508"></status>
</kw>
<kw name="When user &quot;demo&quot; logs in with password &quot;mode&quot;">
<kw name="Input Username" library="resource">
<arguments>
<arg>${username}</arg>
</arguments>
<kw name="Input Text" library="SeleniumLibrary">
<doc>Types the given ``text`` into the text field identified by ``locator``.</doc>
<arguments>
<arg>username_field</arg>
<arg>${username}</arg>
</arguments>
<msg timestamp="20200609 11:23:29.517" level="INFO">Typing text 'demo' into text field 'username_field'.</msg>
<status status="PASS" starttime="20200609 11:23:29.517" endtime="20200609 11:23:29.609"></status>
</kw>
<status status="PASS" starttime="20200609 11:23:29.517" endtime="20200609 11:23:29.610"></status>
</kw>
<kw name="Input Password" library="resource">
<arguments>
<arg>${password}</arg>
</arguments>
<kw name="Input Text" library="SeleniumLibrary">
<doc>Types the given ``text`` into the text field identified by ``locator``.</doc>
<arguments>
<arg>password_field</arg>
<arg>${password}</arg>
</arguments>
<msg timestamp="20200609 11:23:29.613" level="INFO">Typing text 'mode' into text field 'password_field'.</msg>
<status status="PASS" starttime="20200609 11:23:29.611" endtime="20200609 11:23:29.671"></status>
</kw>
<status status="PASS" starttime="20200609 11:23:29.610" endtime="20200609 11:23:29.672"></status>
</kw>
<kw name="Submit Credentials" library="resource">
<kw name="Click Button" library="SeleniumLibrary">
<doc>Clicks the button identified by ``locator``.</doc>
<arguments>
<arg>login_button</arg>
</arguments>
<msg timestamp="20200609 11:23:29.674" level="INFO">Clicking button 'login_button'.</msg>
<status status="PASS" starttime="20200609 11:23:29.673" endtime="20200609 11:23:29.846"></status>
</kw>
<status status="PASS" starttime="20200609 11:23:29.672" endtime="20200609 11:23:29.846"></status>
</kw>
<status status="PASS" starttime="20200609 11:23:29.516" endtime="20200609 11:23:29.847"></status>
</kw>
<kw name="Then welcome page should be open" library="resource">
<kw name="Location Should Be" library="SeleniumLibrary">
<doc>Verifies that the current URL is exactly ``url``.</doc>
<arguments>
<arg>${WELCOME URL}</arg>
</arguments>
<msg timestamp="20200609 11:23:29.876" level="INFO">Current location is 'http://localhost:7272/welcome.html'.</msg>
<status status="PASS" starttime="20200609 11:23:29.851" endtime="20200609 11:23:29.876"></status>
</kw>
<kw name="Title Should Be" library="SeleniumLibrary">
<doc>Verifies that the current page title equals ``title``.</doc>
<arguments>
<arg>Welcome Page</arg>
</arguments>
<msg timestamp="20200609 11:23:29.893" level="INFO">Page title is 'Welcome Page'.</msg>
<status status="PASS" starttime="20200609 11:23:29.877" endtime="20200609 11:23:29.893"></status>
</kw>
<status status="PASS" starttime="20200609 11:23:29.850" endtime="20200609 11:23:29.894"></status>
</kw>
<kw name="Close Browser" library="SeleniumLibrary" type="teardown">
<doc>Closes the current browser.</doc>
<status status="PASS" starttime="20200609 11:23:29.902" endtime="20200609 11:23:33.488"></status>
</kw>
<status status="PASS" starttime="20200609 11:23:18.067" endtime="20200609 11:23:33.489" critical="yes"></status>
</test>
<doc>A test suite with a single Gherkin style test.

This test is functionally identical to the example in
valid_login.robot file.</doc>
<status status="PASS" starttime="20200609 11:23:17.135" endtime="20200609 11:23:33.492"></status>
</suite>
<suite id="s1-s2" name="Invalid Login" source="C:\Users\draus\PycharmProjects\robo\RoboDD\static\example\tests\invalid_login.robot">
<kw name="Open Browser To Login Page" library="resource" type="setup">
<kw name="Open Browser" library="SeleniumLibrary">
<doc>Opens a new browser instance to the optional ``url``.</doc>
<arguments>
<arg>${LOGIN URL}</arg>
<arg>${BROWSER}</arg>
</arguments>
<msg timestamp="20200609 11:23:33.509" level="INFO">Opening browser 'Firefox' to base url 'http://localhost:7272/'.</msg>
<msg timestamp="20200609 11:23:33.511" level="INFO">Firefox driver log is always forced to to: C:\Users\draus\PycharmProjects\robo\RoboDD\static\example\geckodriver-8.log</msg>
<status status="PASS" starttime="20200609 11:23:33.508" endtime="20200609 11:23:42.358"></status>
</kw>
<kw name="Maximize Browser Window" library="SeleniumLibrary">
<doc>Maximizes current browser window.</doc>
<status status="PASS" starttime="20200609 11:23:42.358" endtime="20200609 11:23:42.394"></status>
</kw>
<kw name="Set Selenium Speed" library="SeleniumLibrary">
<doc>Sets the delay that is waited after each Selenium command.</doc>
<arguments>
<arg>${DELAY}</arg>
</arguments>
<status status="PASS" starttime="20200609 11:23:42.394" endtime="20200609 11:23:42.395"></status>
</kw>
<kw name="Login Page Should Be Open" library="resource">
<kw name="Title Should Be" library="SeleniumLibrary">
<doc>Verifies that the current page title equals ``title``.</doc>
<arguments>
<arg>Login Page</arg>
</arguments>
<msg timestamp="20200609 11:23:42.430" level="INFO">Page title is 'Login Page'.</msg>
<status status="PASS" starttime="20200609 11:23:42.396" endtime="20200609 11:23:42.430"></status>
</kw>
<status status="PASS" starttime="20200609 11:23:42.395" endtime="20200609 11:23:42.431"></status>
</kw>
<status status="PASS" starttime="20200609 11:23:33.507" endtime="20200609 11:23:42.431"></status>
</kw>
<test id="s1-s2-t1" name="Invalid Username">
<kw name="Go To Login Page" library="resource" type="setup">
<kw name="Go To" library="SeleniumLibrary">
<doc>Navigates the current browser window to the provided ``url``.</doc>
<arguments>
<arg>${LOGIN URL}</arg>
</arguments>
<msg timestamp="20200609 11:23:42.440" level="INFO">Opening url 'http://localhost:7272/'</msg>
<status status="PASS" starttime="20200609 11:23:42.439" endtime="20200609 11:23:42.522"></status>
</kw>
<kw name="Login Page Should Be Open" library="resource">
<kw name="Title Should Be" library="SeleniumLibrary">
<doc>Verifies that the current page title equals ``title``.</doc>
<arguments>
<arg>Login Page</arg>
</arguments>
<msg timestamp="20200609 11:23:42.531" level="INFO">Page title is 'Login Page'.</msg>
<status status="PASS" starttime="20200609 11:23:42.524" endtime="20200609 11:23:42.531"></status>
</kw>
<status status="PASS" starttime="20200609 11:23:42.523" endtime="20200609 11:23:42.532"></status>
</kw>
<status status="PASS" starttime="20200609 11:23:42.436" endtime="20200609 11:23:42.532"></status>
</kw>
<kw name="Login With Invalid Credentials Should Fail">
<arguments>
<arg>invalid</arg>
<arg>${VALID PASSWORD}</arg>
</arguments>
<kw name="Input Username" library="resource">
<arguments>
<arg>${username}</arg>
</arguments>
<kw name="Input Text" library="SeleniumLibrary">
<doc>Types the given ``text`` into the text field identified by ``locator``.</doc>
<arguments>
<arg>username_field</arg>
<arg>${username}</arg>
</arguments>
<msg timestamp="20200609 11:23:42.538" level="INFO">Typing text 'invalid' into text field 'username_field'.</msg>
<status status="PASS" starttime="20200609 11:23:42.537" endtime="20200609 11:23:42.674"></status>
</kw>
<status status="PASS" starttime="20200609 11:23:42.536" endtime="20200609 11:23:42.675"></status>
</kw>
<kw name="Input Password" library="resource">
<arguments>
<arg>${password}</arg>
</arguments>
<kw name="Input Text" library="SeleniumLibrary">
<doc>Types the given ``text`` into the text field identified by ``locator``.</doc>
<arguments>
<arg>password_field</arg>
<arg>${password}</arg>
</arguments>
<msg timestamp="20200609 11:23:42.676" level="INFO">Typing text 'mode' into text field 'password_field'.</msg>
<status status="PASS" starttime="20200609 11:23:42.676" endtime="20200609 11:23:42.725"></status>
</kw>
<status status="PASS" starttime="20200609 11:23:42.675" endtime="20200609 11:23:42.726"></status>
</kw>
<kw name="Submit Credentials" library="resource">
<kw name="Click Button" library="SeleniumLibrary">
<doc>Clicks the button identified by ``locator``.</doc>
<arguments>
<arg>login_button</arg>
</arguments>
<msg timestamp="20200609 11:23:42.728" level="INFO">Clicking button 'login_button'.</msg>
<status status="PASS" starttime="20200609 11:23:42.727" endtime="20200609 11:23:42.866"></status>
</kw>
<status status="PASS" starttime="20200609 11:23:42.726" endtime="20200609 11:23:42.866"></status>
</kw>
<kw name="Login Should Have Failed">
<kw name="Location Should Be" library="SeleniumLibrary">
<doc>Verifies that the current URL is exactly ``url``.</doc>
<arguments>
<arg>${ERROR URL}</arg>
</arguments>
<msg timestamp="20200609 11:23:42.882" level="INFO">Current location is 'http://localhost:7272/error.html'.</msg>
<status status="PASS" starttime="20200609 11:23:42.867" endtime="20200609 11:23:42.883"></status>
</kw>
<kw name="Title Should Be" library="SeleniumLibrary">
<doc>Verifies that the current page title equals ``title``.</doc>
<arguments>
<arg>Error Page</arg>
</arguments>
<msg timestamp="20200609 11:23:42.907" level="INFO">Page title is 'Error Page'.</msg>
<status status="PASS" starttime="20200609 11:23:42.883" endtime="20200609 11:23:42.907"></status>
</kw>
<status status="PASS" starttime="20200609 11:23:42.866" endtime="20200609 11:23:42.908"></status>
</kw>
<status status="PASS" starttime="20200609 11:23:42.535" endtime="20200609 11:23:42.908"></status>
</kw>
<status status="PASS" starttime="20200609 11:23:42.431" endtime="20200609 11:23:42.908" critical="yes"></status>
</test>
<test id="s1-s2-t2" name="Invalid Password">
<kw name="Go To Login Page" library="resource" type="setup">
<kw name="Go To" library="SeleniumLibrary">
<doc>Navigates the current browser window to the provided ``url``.</doc>
<arguments>
<arg>${LOGIN URL}</arg>
</arguments>
<msg timestamp="20200609 11:23:42.913" level="INFO">Opening url 'http://localhost:7272/'</msg>
<status status="PASS" starttime="20200609 11:23:42.912" endtime="20200609 11:23:43.012"></status>
</kw>
<kw name="Login Page Should Be Open" library="resource">
<kw name="Title Should Be" library="SeleniumLibrary">
<doc>Verifies that the current page title equals ``title``.</doc>
<arguments>
<arg>Login Page</arg>
</arguments>
<msg timestamp="20200609 11:23:43.057" level="INFO">Page title is 'Login Page'.</msg>
<status status="PASS" starttime="20200609 11:23:43.014" endtime="20200609 11:23:43.057"></status>
</kw>
<status status="PASS" starttime="20200609 11:23:43.012" endtime="20200609 11:23:43.058"></status>
</kw>
<status status="PASS" starttime="20200609 11:23:42.911" endtime="20200609 11:23:43.058"></status>
</kw>
<kw name="Login With Invalid Credentials Should Fail">
<arguments>
<arg>${VALID USER}</arg>
<arg>invalid</arg>
</arguments>
<kw name="Input Username" library="resource">
<arguments>
<arg>${username}</arg>
</arguments>
<kw name="Input Text" library="SeleniumLibrary">
<doc>Types the given ``text`` into the text field identified by ``locator``.</doc>
<arguments>
<arg>username_field</arg>
<arg>${username}</arg>
</arguments>
<msg timestamp="20200609 11:23:43.110" level="INFO">Typing text 'demo' into text field 'username_field'.</msg>
<status status="PASS" starttime="20200609 11:23:43.109" endtime="20200609 11:23:43.222"></status>
</kw>
<status status="PASS" starttime="20200609 11:23:43.108" endtime="20200609 11:23:43.222"></status>
</kw>
<kw name="Input Password" library="resource">
<arguments>
<arg>${password}</arg>
</arguments>
<kw name="Input Text" library="SeleniumLibrary">
<doc>Types the given ``text`` into the text field identified by ``locator``.</doc>
<arguments>
<arg>password_field</arg>
<arg>${password}</arg>
</arguments>
<msg timestamp="20200609 11:23:43.224" level="INFO">Typing text 'invalid' into text field 'password_field'.</msg>
<status status="PASS" starttime="20200609 11:23:43.223" endtime="20200609 11:23:43.301"></status>
</kw>
<status status="PASS" starttime="20200609 11:23:43.222" endtime="20200609 11:23:43.302"></status>
</kw>
<kw name="Submit Credentials" library="resource">
<kw name="Click Button" library="SeleniumLibrary">
<doc>Clicks the button identified by ``locator``.</doc>
<arguments>
<arg>login_button</arg>
</arguments>
<msg timestamp="20200609 11:23:43.304" level="INFO">Clicking button 'login_button'.</msg>
<status status="PASS" starttime="20200609 11:23:43.303" endtime="20200609 11:23:43.407"></status>
</kw>
<status status="PASS" starttime="20200609 11:23:43.302" endtime="20200609 11:23:43.407"></status>
</kw>
<kw name="Login Should Have Failed">
<kw name="Location Should Be" library="SeleniumLibrary">
<doc>Verifies that the current URL is exactly ``url``.</doc>
<arguments>
<arg>${ERROR URL}</arg>
</arguments>
<msg timestamp="20200609 11:23:43.432" level="INFO">Current location is 'http://localhost:7272/error.html'.</msg>
<status status="PASS" starttime="20200609 11:23:43.409" endtime="20200609 11:23:43.432"></status>
</kw>
<kw name="Title Should Be" library="SeleniumLibrary">
<doc>Verifies that the current page title equals ``title``.</doc>
<arguments>
<arg>Error Page</arg>
</arguments>
<msg timestamp="20200609 11:23:43.443" level="INFO">Page title is 'Error Page'.</msg>
<status status="PASS" starttime="20200609 11:23:43.432" endtime="20200609 11:23:43.444"></status>
</kw>
<status status="PASS" starttime="20200609 11:23:43.408" endtime="20200609 11:23:43.445"></status>
</kw>
<status status="PASS" starttime="20200609 11:23:43.105" endtime="20200609 11:23:43.446"></status>
</kw>
<status status="PASS" starttime="20200609 11:23:42.910" endtime="20200609 11:23:43.446" critical="yes"></status>
</test>
<test id="s1-s2-t3" name="Invalid Username And Password">
<kw name="Go To Login Page" library="resource" type="setup">
<kw name="Go To" library="SeleniumLibrary">
<doc>Navigates the current browser window to the provided ``url``.</doc>
<arguments>
<arg>${LOGIN URL}</arg>
</arguments>
<msg timestamp="20200609 11:23:43.460" level="INFO">Opening url 'http://localhost:7272/'</msg>
<status status="PASS" starttime="20200609 11:23:43.459" endtime="20200609 11:23:43.550"></status>
</kw>
<kw name="Login Page Should Be Open" library="resource">
<kw name="Title Should Be" library="SeleniumLibrary">
<doc>Verifies that the current page title equals ``title``.</doc>
<arguments>
<arg>Login Page</arg>
</arguments>
<msg timestamp="20200609 11:23:43.563" level="INFO">Page title is 'Login Page'.</msg>
<status status="PASS" starttime="20200609 11:23:43.551" endtime="20200609 11:23:43.563"></status>
</kw>
<status status="PASS" starttime="20200609 11:23:43.550" endtime="20200609 11:23:43.563"></status>
</kw>
<status status="PASS" starttime="20200609 11:23:43.457" endtime="20200609 11:23:43.564"></status>
</kw>
<kw name="Login With Invalid Credentials Should Fail">
<arguments>
<arg>invalid</arg>
<arg>whatever</arg>
</arguments>
<kw name="Input Username" library="resource">
<arguments>
<arg>${username}</arg>
</arguments>
<kw name="Input Text" library="SeleniumLibrary">
<doc>Types the given ``text`` into the text field identified by ``locator``.</doc>
<arguments>
<arg>username_field</arg>
<arg>${username}</arg>
</arguments>
<msg timestamp="20200609 11:23:43.570" level="INFO">Typing text 'invalid' into text field 'username_field'.</msg>
<status status="PASS" starttime="20200609 11:23:43.570" endtime="20200609 11:23:43.662"></status>
</kw>
<status status="PASS" starttime="20200609 11:23:43.569" endtime="20200609 11:23:43.663"></status>
</kw>
<kw name="Input Password" library="resource">
<arguments>
<arg>${password}</arg>
</arguments>
<kw name="Input Text" library="SeleniumLibrary">
<doc>Types the given ``text`` into the text field identified by ``locator``.</doc>
<arguments>
<arg>password_field</arg>
<arg>${password}</arg>
</arguments>
<msg timestamp="20200609 11:23:43.665" level="INFO">Typing text 'whatever' into text field 'password_field'.</msg>
<status status="PASS" starttime="20200609 11:23:43.664" endtime="20200609 11:23:43.714"></status>
</kw>
<status status="PASS" starttime="20200609 11:23:43.663" endtime="20200609 11:23:43.715"></status>
</kw>
<kw name="Submit Credentials" library="resource">
<kw name="Click Button" library="SeleniumLibrary">
<doc>Clicks the button identified by ``locator``.</doc>
<arguments>
<arg>login_button</arg>
</arguments>
<msg timestamp="20200609 11:23:43.716" level="INFO">Clicking button 'login_button'.</msg>
<status status="PASS" starttime="20200609 11:23:43.716" endtime="20200609 11:23:43.829"></status>
</kw>
<status status="PASS" starttime="20200609 11:23:43.715" endtime="20200609 11:23:43.830"></status>
</kw>
<kw name="Login Should Have Failed">
<kw name="Location Should Be" library="SeleniumLibrary">
<doc>Verifies that the current URL is exactly ``url``.</doc>
<arguments>
<arg>${ERROR URL}</arg>
</arguments>
<msg timestamp="20200609 11:23:43.856" level="INFO">Current location is 'http://localhost:7272/error.html'.</msg>
<status status="PASS" starttime="20200609 11:23:43.831" endtime="20200609 11:23:43.857"></status>
</kw>
<kw name="Title Should Be" library="SeleniumLibrary">
<doc>Verifies that the current page title equals ``title``.</doc>
<arguments>
<arg>Error Page</arg>
</arguments>
<msg timestamp="20200609 11:23:43.865" level="INFO">Page title is 'Error Page'.</msg>
<status status="PASS" starttime="20200609 11:23:43.858" endtime="20200609 11:23:43.866"></status>
</kw>
<status status="PASS" starttime="20200609 11:23:43.830" endtime="20200609 11:23:43.866"></status>
</kw>
<status status="PASS" starttime="20200609 11:23:43.568" endtime="20200609 11:23:43.867"></status>
</kw>
<status status="PASS" starttime="20200609 11:23:43.451" endtime="20200609 11:23:43.867" critical="yes"></status>
</test>
<test id="s1-s2-t4" name="Empty Username">
<kw name="Go To Login Page" library="resource" type="setup">
<kw name="Go To" library="SeleniumLibrary">
<doc>Navigates the current browser window to the provided ``url``.</doc>
<arguments>
<arg>${LOGIN URL}</arg>
</arguments>
<msg timestamp="20200609 11:23:43.872" level="INFO">Opening url 'http://localhost:7272/'</msg>
<status status="PASS" starttime="20200609 11:23:43.871" endtime="20200609 11:23:43.953"></status>
</kw>
<kw name="Login Page Should Be Open" library="resource">
<kw name="Title Should Be" library="SeleniumLibrary">
<doc>Verifies that the current page title equals ``title``.</doc>
<arguments>
<arg>Login Page</arg>
</arguments>
<msg timestamp="20200609 11:23:43.974" level="INFO">Page title is 'Login Page'.</msg>
<status status="PASS" starttime="20200609 11:23:43.954" endtime="20200609 11:23:43.974"></status>
</kw>
<status status="PASS" starttime="20200609 11:23:43.954" endtime="20200609 11:23:43.975"></status>
</kw>
<status status="PASS" starttime="20200609 11:23:43.871" endtime="20200609 11:23:43.975"></status>
</kw>
<kw name="Login With Invalid Credentials Should Fail">
<arguments>
<arg>${EMPTY}</arg>
<arg>${VALID PASSWORD}</arg>
</arguments>
<kw name="Input Username" library="resource">
<arguments>
<arg>${username}</arg>
</arguments>
<kw name="Input Text" library="SeleniumLibrary">
<doc>Types the given ``text`` into the text field identified by ``locator``.</doc>
<arguments>
<arg>username_field</arg>
<arg>${username}</arg>
</arguments>
<msg timestamp="20200609 11:23:43.978" level="INFO">Typing text '' into text field 'username_field'.</msg>
<status status="PASS" starttime="20200609 11:23:43.978" endtime="20200609 11:23:44.047"></status>
</kw>
<status status="PASS" starttime="20200609 11:23:43.977" endtime="20200609 11:23:44.049"></status>
</kw>
<kw name="Input Password" library="resource">
<arguments>
<arg>${password}</arg>
</arguments>
<kw name="Input Text" library="SeleniumLibrary">
<doc>Types the given ``text`` into the text field identified by ``locator``.</doc>
<arguments>
<arg>password_field</arg>
<arg>${password}</arg>
</arguments>
<msg timestamp="20200609 11:23:44.054" level="INFO">Typing text 'mode' into text field 'password_field'.</msg>
<status status="PASS" starttime="20200609 11:23:44.053" endtime="20200609 11:23:44.111"></status>
</kw>
<status status="PASS" starttime="20200609 11:23:44.049" endtime="20200609 11:23:44.112"></status>
</kw>
<kw name="Submit Credentials" library="resource">
<kw name="Click Button" library="SeleniumLibrary">
<doc>Clicks the button identified by ``locator``.</doc>
<arguments>
<arg>login_button</arg>
</arguments>
<msg timestamp="20200609 11:23:44.113" level="INFO">Clicking button 'login_button'.</msg>
<status status="PASS" starttime="20200609 11:23:44.112" endtime="20200609 11:23:44.231"></status>
</kw>
<status status="PASS" starttime="20200609 11:23:44.112" endtime="20200609 11:23:44.231"></status>
</kw>
<kw name="Login Should Have Failed">
<kw name="Location Should Be" library="SeleniumLibrary">
<doc>Verifies that the current URL is exactly ``url``.</doc>
<arguments>
<arg>${ERROR URL}</arg>
</arguments>
<msg timestamp="20200609 11:23:44.250" level="INFO">Current location is 'http://localhost:7272/error.html'.</msg>
<status status="PASS" starttime="20200609 11:23:44.232" endtime="20200609 11:23:44.250"></status>
</kw>
<kw name="Title Should Be" library="SeleniumLibrary">
<doc>Verifies that the current page title equals ``title``.</doc>
<arguments>
<arg>Error Page</arg>
</arguments>
<msg timestamp="20200609 11:23:44.272" level="INFO">Page title is 'Error Page'.</msg>
<status status="PASS" starttime="20200609 11:23:44.250" endtime="20200609 11:23:44.273"></status>
</kw>
<status status="PASS" starttime="20200609 11:23:44.231" endtime="20200609 11:23:44.273"></status>
</kw>
<status status="PASS" starttime="20200609 11:23:43.976" endtime="20200609 11:23:44.274"></status>
</kw>
<status status="PASS" starttime="20200609 11:23:43.870" endtime="20200609 11:23:44.275" critical="yes"></status>
</test>
<test id="s1-s2-t5" name="Empty Password">
<kw name="Go To Login Page" library="resource" type="setup">
<kw name="Go To" library="SeleniumLibrary">
<doc>Navigates the current browser window to the provided ``url``.</doc>
<arguments>
<arg>${LOGIN URL}</arg>
</arguments>
<msg timestamp="20200609 11:23:44.286" level="INFO">Opening url 'http://localhost:7272/'</msg>
<status status="PASS" starttime="20200609 11:23:44.285" endtime="20200609 11:23:44.400"></status>
</kw>
<kw name="Login Page Should Be Open" library="resource">
<kw name="Title Should Be" library="SeleniumLibrary">
<doc>Verifies that the current page title equals ``title``.</doc>
<arguments>
<arg>Login Page</arg>
</arguments>
<msg timestamp="20200609 11:23:44.432" level="INFO">Page title is 'Login Page'.</msg>
<status status="PASS" starttime="20200609 11:23:44.401" endtime="20200609 11:23:44.432"></status>
</kw>
<status status="PASS" starttime="20200609 11:23:44.400" endtime="20200609 11:23:44.432"></status>
</kw>
<status status="PASS" starttime="20200609 11:23:44.285" endtime="20200609 11:23:44.433"></status>
</kw>
<kw name="Login With Invalid Credentials Should Fail">
<arguments>
<arg>${VALID USER}</arg>
<arg>${EMPTY}</arg>
</arguments>
<kw name="Input Username" library="resource">
<arguments>
<arg>${username}</arg>
</arguments>
<kw name="Input Text" library="SeleniumLibrary">
<doc>Types the given ``text`` into the text field identified by ``locator``.</doc>
<arguments>
<arg>username_field</arg>
<arg>${username}</arg>
</arguments>
<msg timestamp="20200609 11:23:44.437" level="INFO">Typing text 'demo' into text field 'username_field'.</msg>
<status status="PASS" starttime="20200609 11:23:44.437" endtime="20200609 11:23:44.520"></status>
</kw>
<status status="PASS" starttime="20200609 11:23:44.435" endtime="20200609 11:23:44.520"></status>
</kw>
<kw name="Input Password" library="resource">
<arguments>
<arg>${password}</arg>
</arguments>
<kw name="Input Text" library="SeleniumLibrary">
<doc>Types the given ``text`` into the text field identified by ``locator``.</doc>
<arguments>
<arg>password_field</arg>
<arg>${password}</arg>
</arguments>
<msg timestamp="20200609 11:23:44.523" level="INFO">Typing text '' into text field 'password_field'.</msg>
<status status="PASS" starttime="20200609 11:23:44.522" endtime="20200609 11:23:44.563"></status>
</kw>
<status status="PASS" starttime="20200609 11:23:44.521" endtime="20200609 11:23:44.564"></status>
</kw>
<kw name="Submit Credentials" library="resource">
<kw name="Click Button" library="SeleniumLibrary">
<doc>Clicks the button identified by ``locator``.</doc>
<arguments>
<arg>login_button</arg>
</arguments>
<msg timestamp="20200609 11:23:44.566" level="INFO">Clicking button 'login_button'.</msg>
<status status="PASS" starttime="20200609 11:23:44.565" endtime="20200609 11:23:44.691"></status>
</kw>
<status status="PASS" starttime="20200609 11:23:44.564" endtime="20200609 11:23:44.692"></status>
</kw>
<kw name="Login Should Have Failed">
<kw name="Location Should Be" library="SeleniumLibrary">
<doc>Verifies that the current URL is exactly ``url``.</doc>
<arguments>
<arg>${ERROR URL}</arg>
</arguments>
<msg timestamp="20200609 11:23:44.707" level="INFO">Current location is 'http://localhost:7272/error.html'.</msg>
<status status="PASS" starttime="20200609 11:23:44.693" endtime="20200609 11:23:44.709"></status>
</kw>
<kw name="Title Should Be" library="SeleniumLibrary">
<doc>Verifies that the current page title equals ``title``.</doc>
<arguments>
<arg>Error Page</arg>
</arguments>
<msg timestamp="20200609 11:23:44.726" level="INFO">Page title is 'Error Page'.</msg>
<status status="PASS" starttime="20200609 11:23:44.711" endtime="20200609 11:23:44.726"></status>
</kw>
<status status="PASS" starttime="20200609 11:23:44.692" endtime="20200609 11:23:44.726"></status>
</kw>
<status status="PASS" starttime="20200609 11:23:44.434" endtime="20200609 11:23:44.727"></status>
</kw>
<status status="PASS" starttime="20200609 11:23:44.282" endtime="20200609 11:23:44.728" critical="yes"></status>
</test>
<test id="s1-s2-t6" name="Empty Username And Password">
<kw name="Go To Login Page" library="resource" type="setup">
<kw name="Go To" library="SeleniumLibrary">
<doc>Navigates the current browser window to the provided ``url``.</doc>
<arguments>
<arg>${LOGIN URL}</arg>
</arguments>
<msg timestamp="20200609 11:23:44.735" level="INFO">Opening url 'http://localhost:7272/'</msg>
<status status="PASS" starttime="20200609 11:23:44.735" endtime="20200609 11:23:44.836"></status>
</kw>
<kw name="Login Page Should Be Open" library="resource">
<kw name="Title Should Be" library="SeleniumLibrary">
<doc>Verifies that the current page title equals ``title``.</doc>
<arguments>
<arg>Login Page</arg>
</arguments>
<msg timestamp="20200609 11:23:44.849" level="INFO">Page title is 'Login Page'.</msg>
<status status="PASS" starttime="20200609 11:23:44.837" endtime="20200609 11:23:44.849"></status>
</kw>
<status status="PASS" starttime="20200609 11:23:44.836" endtime="20200609 11:23:44.850"></status>
</kw>
<status status="PASS" starttime="20200609 11:23:44.734" endtime="20200609 11:23:44.850"></status>
</kw>
<kw name="Login With Invalid Credentials Should Fail">
<arguments>
<arg>${EMPTY}</arg>
<arg>${EMPTY}</arg>
</arguments>
<kw name="Input Username" library="resource">
<arguments>
<arg>${username}</arg>
</arguments>
<kw name="Input Text" library="SeleniumLibrary">
<doc>Types the given ``text`` into the text field identified by ``locator``.</doc>
<arguments>
<arg>username_field</arg>
<arg>${username}</arg>
</arguments>
<msg timestamp="20200609 11:23:44.868" level="INFO">Typing text '' into text field 'username_field'.</msg>
<status status="PASS" starttime="20200609 11:23:44.867" endtime="20200609 11:23:44.940"></status>
</kw>
<status status="PASS" starttime="20200609 11:23:44.862" endtime="20200609 11:23:44.941"></status>
</kw>
<kw name="Input Password" library="resource">
<arguments>
<arg>${password}</arg>
</arguments>
<kw name="Input Text" library="SeleniumLibrary">
<doc>Types the given ``text`` into the text field identified by ``locator``.</doc>
<arguments>
<arg>password_field</arg>
<arg>${password}</arg>
</arguments>
<msg timestamp="20200609 11:23:44.942" level="INFO">Typing text '' into text field 'password_field'.</msg>
<status status="PASS" starttime="20200609 11:23:44.942" endtime="20200609 11:23:44.992"></status>
</kw>
<status status="PASS" starttime="20200609 11:23:44.941" endtime="20200609 11:23:44.992"></status>
</kw>
<kw name="Submit Credentials" library="resource">
<kw name="Click Button" library="SeleniumLibrary">
<doc>Clicks the button identified by ``locator``.</doc>
<arguments>
<arg>login_button</arg>
</arguments>
<msg timestamp="20200609 11:23:44.993" level="INFO">Clicking button 'login_button'.</msg>
<status status="PASS" starttime="20200609 11:23:44.993" endtime="20200609 11:23:45.126"></status>
</kw>
<status status="PASS" starttime="20200609 11:23:44.992" endtime="20200609 11:23:45.127"></status>
</kw>
<kw name="Login Should Have Failed">
<kw name="Location Should Be" library="SeleniumLibrary">
<doc>Verifies that the current URL is exactly ``url``.</doc>
<arguments>
<arg>${ERROR URL}</arg>
</arguments>
<msg timestamp="20200609 11:23:45.189" level="INFO">Current location is 'http://localhost:7272/error.html'.</msg>
<status status="PASS" starttime="20200609 11:23:45.128" endtime="20200609 11:23:45.189"></status>
</kw>
<kw name="Title Should Be" library="SeleniumLibrary">
<doc>Verifies that the current page title equals ``title``.</doc>
<arguments>
<arg>Error Page</arg>
</arguments>
<msg timestamp="20200609 11:23:45.199" level="INFO">Page title is 'Error Page'.</msg>
<status status="PASS" starttime="20200609 11:23:45.189" endtime="20200609 11:23:45.199"></status>
</kw>
<status status="PASS" starttime="20200609 11:23:45.127" endtime="20200609 11:23:45.200"></status>
</kw>
<status status="PASS" starttime="20200609 11:23:44.860" endtime="20200609 11:23:45.200"></status>
</kw>
<status status="PASS" starttime="20200609 11:23:44.732" endtime="20200609 11:23:45.202" critical="yes"></status>
</test>
<kw name="Close Browser" library="SeleniumLibrary" type="teardown">
<doc>Closes the current browser.</doc>
<status status="PASS" starttime="20200609 11:23:45.206" endtime="20200609 11:23:46.672"></status>
</kw>
<doc>A test suite containing tests related to invalid login.

These tests are data-driven by their nature. They use a single
keyword, specified with Test Template setting, that is called
with different arguments to cover different scenarios.

This suite also demonstrates using setups and teardowns in
different levels.</doc>
<status status="PASS" starttime="20200609 11:23:33.496" endtime="20200609 11:23:46.672"></status>
</suite>
<suite id="s1-s3" name="Valid Login" source="C:\Users\draus\PycharmProjects\robo\RoboDD\static\example\tests\valid_login.robot">
<test id="s1-s3-t1" name="Valid Login">
<kw name="Open Browser To Login Page" library="resource">
<kw name="Open Browser" library="SeleniumLibrary">
<doc>Opens a new browser instance to the optional ``url``.</doc>
<arguments>
<arg>${LOGIN URL}</arg>
<arg>${BROWSER}</arg>
</arguments>
<msg timestamp="20200609 11:23:46.691" level="INFO">Opening browser 'Firefox' to base url 'http://localhost:7272/'.</msg>
<msg timestamp="20200609 11:23:46.693" level="INFO">Firefox driver log is always forced to to: C:\Users\draus\PycharmProjects\robo\RoboDD\static\example\geckodriver-9.log</msg>
<status status="PASS" starttime="20200609 11:23:46.690" endtime="20200609 11:23:55.268"></status>
</kw>
<kw name="Maximize Browser Window" library="SeleniumLibrary">
<doc>Maximizes current browser window.</doc>
<status status="PASS" starttime="20200609 11:23:55.269" endtime="20200609 11:23:55.300"></status>
</kw>
<kw name="Set Selenium Speed" library="SeleniumLibrary">
<doc>Sets the delay that is waited after each Selenium command.</doc>
<arguments>
<arg>${DELAY}</arg>
</arguments>
<status status="PASS" starttime="20200609 11:23:55.300" endtime="20200609 11:23:55.301"></status>
</kw>
<kw name="Login Page Should Be Open" library="resource">
<kw name="Title Should Be" library="SeleniumLibrary">
<doc>Verifies that the current page title equals ``title``.</doc>
<arguments>
<arg>Login Page</arg>
</arguments>
<msg timestamp="20200609 11:23:55.356" level="INFO">Page title is 'Login Page'.</msg>
<status status="PASS" starttime="20200609 11:23:55.304" endtime="20200609 11:23:55.356"></status>
</kw>
<status status="PASS" starttime="20200609 11:23:55.302" endtime="20200609 11:23:55.356"></status>
</kw>
<status status="PASS" starttime="20200609 11:23:46.690" endtime="20200609 11:23:55.357"></status>
</kw>
<kw name="Input Username" library="resource">
<arguments>
<arg>demo</arg>
</arguments>
<kw name="Input Text" library="SeleniumLibrary">
<doc>Types the given ``text`` into the text field identified by ``locator``.</doc>
<arguments>
<arg>username_field</arg>
<arg>${username}</arg>
</arguments>
<msg timestamp="20200609 11:23:55.360" level="INFO">Typing text 'demo' into text field 'username_field'.</msg>
<status status="PASS" starttime="20200609 11:23:55.359" endtime="20200609 11:23:55.432"></status>
</kw>
<status status="PASS" starttime="20200609 11:23:55.358" endtime="20200609 11:23:55.433"></status>
</kw>
<kw name="Input Password" library="resource">
<arguments>
<arg>mode</arg>
</arguments>
<kw name="Input Text" library="SeleniumLibrary">
<doc>Types the given ``text`` into the text field identified by ``locator``.</doc>
<arguments>
<arg>password_field</arg>
<arg>${password}</arg>
</arguments>
<msg timestamp="20200609 11:23:55.435" level="INFO">Typing text 'mode' into text field 'password_field'.</msg>
<status status="PASS" starttime="20200609 11:23:55.435" endtime="20200609 11:23:55.502"></status>
</kw>
<status status="PASS" starttime="20200609 11:23:55.433" endtime="20200609 11:23:55.502"></status>
</kw>
<kw name="Submit Credentials" library="resource">
<kw name="Click Button" library="SeleniumLibrary">
<doc>Clicks the button identified by ``locator``.</doc>
<arguments>
<arg>login_button</arg>
</arguments>
<msg timestamp="20200609 11:23:55.512" level="INFO">Clicking button 'login_button'.</msg>
<status status="PASS" starttime="20200609 11:23:55.511" endtime="20200609 11:23:55.691"></status>
</kw>
<status status="PASS" starttime="20200609 11:23:55.510" endtime="20200609 11:23:55.691"></status>
</kw>
<kw name="Welcome Page Should Be Open" library="resource">
<kw name="Location Should Be" library="SeleniumLibrary">
<doc>Verifies that the current URL is exactly ``url``.</doc>
<arguments>
<arg>${WELCOME URL}</arg>
</arguments>
<msg timestamp="20200609 11:23:55.716" level="INFO">Current location is 'http://localhost:7272/welcome.html'.</msg>
<status status="PASS" starttime="20200609 11:23:55.698" endtime="20200609 11:23:55.716"></status>
</kw>
<kw name="Title Should Be" library="SeleniumLibrary">
<doc>Verifies that the current page title equals ``title``.</doc>
<arguments>
<arg>Welcome Page</arg>
</arguments>
<msg timestamp="20200609 11:23:55.738" level="INFO">Page title is 'Welcome Page'.</msg>
<status status="PASS" starttime="20200609 11:23:55.717" endtime="20200609 11:23:55.738"></status>
</kw>
<status status="PASS" starttime="20200609 11:23:55.697" endtime="20200609 11:23:55.739"></status>
</kw>
<kw name="Close Browser" library="SeleniumLibrary" type="teardown">
<doc>Closes the current browser.</doc>
<status status="PASS" starttime="20200609 11:23:55.763" endtime="20200609 11:23:59.131"></status>
</kw>
<status status="PASS" starttime="20200609 11:23:46.688" endtime="20200609 11:23:59.131" critical="yes"></status>
</test>
<doc>A test suite with a single test for valid login.

This test has a workflow that is created using keywords in
the imported resource file.</doc>
<status status="PASS" starttime="20200609 11:23:46.680" endtime="20200609 11:23:59.135"></status>
</suite>
<status status="PASS" starttime="20200609 11:23:17.078" endtime="20200609 11:23:59.140"></status>
</suite>
<statistics>
<total>
<stat pass="8" fail="0">Critical Tests</stat>
<stat pass="8" fail="0">All Tests</stat>
</total>
<tag>
</tag>
<suite>
<stat pass="8" fail="0" id="s1" name="Tests">Tests</stat>
<stat pass="1" fail="0" id="s1-s1" name="Gherkin Login">Tests.Gherkin Login</stat>
<stat pass="6" fail="0" id="s1-s2" name="Invalid Login">Tests.Invalid Login</stat>
<stat pass="1" fail="0" id="s1-s3" name="Valid Login">Tests.Valid Login</stat>
</suite>
</statistics>
<errors>
</errors>
</robot>
